2026-04-30T01:25:18-04:00 executing book/lectures/nb-22-imaging-modeling.ipynb with extras: torch torchvision medmnist scikit-image
[NbConvertApp] Converting notebook book/lectures/nb-22-imaging-modeling.ipynb to notebook
[NbConvertApp] ERROR | Timeout waiting for execute reply (900s).
[IPKernelApp] ERROR | Exception in message handler:
Traceback (most recent call last):
  File "/home/mmd/.cache/uv/archive-v0/4_jxthQdaPqzU0AJMQCZX/lib/python3.11/site-packages/ipykernel/kernelbase.py", line 478, in dispatch_shell
    await result
  File "/home/mmd/.cache/uv/archive-v0/4_jxthQdaPqzU0AJMQCZX/lib/python3.11/site-packages/ipykernel/ipkernel.py", line 372, in execute_request
    await super().execute_request(stream, ident, parent)
  File "/home/mmd/.cache/uv/archive-v0/4_jxthQdaPqzU0AJMQCZX/lib/python3.11/site-packages/ipykernel/kernelbase.py", line 857, in execute_request
    reply_msg: dict[str, t.Any] = self.session.send(  # type:ignore[assignment]
                                  ^^^^^^^^^^^^^^^^^^^^^^^^^^^^^^^^^^^^^^^^^^^^^
  File "/home/mmd/.cache/uv/archive-v0/4_jxthQdaPqzU0AJMQCZX/lib/python3.11/site-packages/jupyter_client/session.py", line 867, in send
    stream.send_multipart(to_send, copy=copy)
  File "/home/mmd/.cache/uv/archive-v0/4_jxthQdaPqzU0AJMQCZX/lib/python3.11/site-packages/zmq/sugar/socket.py", line 749, in send_multipart
    self.send(msg, zmq.SNDMORE | flags, copy=copy, track=track)
  File "/home/mmd/.cache/uv/archive-v0/4_jxthQdaPqzU0AJMQCZX/lib/python3.11/site-packages/zmq/sugar/socket.py", line 698, in send
    return super().send(data, flags=flags, copy=copy, track=track)
           ^^^^^^^^^^^^^^^^^^^^^^^^^^^^^^^^^^^^^^^^^^^^^^^^^^^^^^^
  File "zmq/backend/cython/_zmq.py", line 1152, in zmq.backend.cython._zmq.Socket.send
  File "zmq/backend/cython/_zmq.py", line 1194, in zmq.backend.cython._zmq.Socket.send
  File "zmq/backend/cython/_zmq.py", line 1339, in zmq.backend.cython._zmq._check_closed
zmq.error.ZMQError: Socket operation on non-socket
Traceback (most recent call last):
  File "/home/mmd/.cache/uv/archive-v0/4_jxthQdaPqzU0AJMQCZX/lib/python3.11/site-packages/nbclient/client.py", line 782, in _async_poll_for_reply
    msg = await ensure_async(self.kc.shell_channel.get_msg(timeout=new_timeout))
          ^^^^^^^^^^^^^^^^^^^^^^^^^^^^^^^^^^^^^^^^^^^^^^^^^^^^^^^^^^^^^^^^^^^^^^
  File "/home/mmd/.cache/uv/archive-v0/4_jxthQdaPqzU0AJMQCZX/lib/python3.11/site-packages/jupyter_core/utils/__init__.py", line 214, in ensure_async
    result = await obj
             ^^^^^^^^^
  File "/home/mmd/.cache/uv/archive-v0/4_jxthQdaPqzU0AJMQCZX/lib/python3.11/site-packages/jupyter_client/channels.py", line 316, in get_msg
    raise Empty
_queue.Empty

During handling of the above exception, another exception occurred:

Traceback (most recent call last):
  File "/home/mmd/.cache/uv/builds-v0/.tmpMfCVB8/bin/jupyter-nbconvert", line 10, in <module>
    sys.exit(main())
             ^^^^^^
  File "/home/mmd/.cache/uv/archive-v0/4_jxthQdaPqzU0AJMQCZX/lib/python3.11/site-packages/jupyter_core/application.py", line 284, in launch_instance
    super().launch_instance(argv=argv, **kwargs)
  File "/home/mmd/.cache/uv/archive-v0/4_jxthQdaPqzU0AJMQCZX/lib/python3.11/site-packages/traitlets/config/application.py", line 1075, in launch_instance
    app.start()
  File "/home/mmd/.cache/uv/archive-v0/4_jxthQdaPqzU0AJMQCZX/lib/python3.11/site-packages/nbconvert/nbconvertapp.py", line 420, in start
    self.convert_notebooks()
  File "/home/mmd/.cache/uv/archive-v0/4_jxthQdaPqzU0AJMQCZX/lib/python3.11/site-packages/nbconvert/nbconvertapp.py", line 597, in convert_notebooks
    self.convert_single_notebook(notebook_filename)
  File "/home/mmd/.cache/uv/archive-v0/4_jxthQdaPqzU0AJMQCZX/lib/python3.11/site-packages/nbconvert/nbconvertapp.py", line 563, in convert_single_notebook
    output, resources = self.export_single_notebook(
                        ^^^^^^^^^^^^^^^^^^^^^^^^^^^^
  File "/home/mmd/.cache/uv/archive-v0/4_jxthQdaPqzU0AJMQCZX/lib/python3.11/site-packages/nbconvert/nbconvertapp.py", line 487, in export_single_notebook
    output, resources = self.exporter.from_filename(
                        ^^^^^^^^^^^^^^^^^^^^^^^^^^^^
  File "/home/mmd/.cache/uv/archive-v0/4_jxthQdaPqzU0AJMQCZX/lib/python3.11/site-packages/nbconvert/exporters/exporter.py", line 201, in from_filename
    return self.from_file(f, resources=resources, **kw)
           ^^^^^^^^^^^^^^^^^^^^^^^^^^^^^^^^^^^^^^^^^^^^
  File "/home/mmd/.cache/uv/archive-v0/4_jxthQdaPqzU0AJMQCZX/lib/python3.11/site-packages/nbconvert/exporters/exporter.py", line 220, in from_file
    return self.from_notebook_node(
           ^^^^^^^^^^^^^^^^^^^^^^^^
  File "/home/mmd/.cache/uv/archive-v0/4_jxthQdaPqzU0AJMQCZX/lib/python3.11/site-packages/nbconvert/exporters/notebook.py", line 36, in from_notebook_node
    nb_copy, resources = super().from_notebook_node(nb, resources, **kw)
                         ^^^^^^^^^^^^^^^^^^^^^^^^^^^^^^^^^^^^^^^^^^^^^^^
  File "/home/mmd/.cache/uv/archive-v0/4_jxthQdaPqzU0AJMQCZX/lib/python3.11/site-packages/nbconvert/exporters/exporter.py", line 154, in from_notebook_node
    nb_copy, resources = self._preprocess(nb_copy, resources)
                         ^^^^^^^^^^^^^^^^^^^^^^^^^^^^^^^^^^^^
  File "/home/mmd/.cache/uv/archive-v0/4_jxthQdaPqzU0AJMQCZX/lib/python3.11/site-packages/nbconvert/exporters/exporter.py", line 353, in _preprocess
    nbc, resc = preprocessor(nbc, resc)
                ^^^^^^^^^^^^^^^^^^^^^^^
  File "/home/mmd/.cache/uv/archive-v0/4_jxthQdaPqzU0AJMQCZX/lib/python3.11/site-packages/nbconvert/preprocessors/base.py", line 48, in __call__
    return self.preprocess(nb, resources)
           ^^^^^^^^^^^^^^^^^^^^^^^^^^^^^^
  File "/home/mmd/.cache/uv/archive-v0/4_jxthQdaPqzU0AJMQCZX/lib/python3.11/site-packages/nbconvert/preprocessors/execute.py", line 103, in preprocess
    self.preprocess_cell(cell, resources, index)
  File "/home/mmd/.cache/uv/archive-v0/4_jxthQdaPqzU0AJMQCZX/lib/python3.11/site-packages/nbconvert/preprocessors/execute.py", line 124, in preprocess_cell
    cell = self.execute_cell(cell, index, store_history=True)
           ^^^^^^^^^^^^^^^^^^^^^^^^^^^^^^^^^^^^^^^^^^^^^^^^^^
  File "/home/mmd/.cache/uv/archive-v0/4_jxthQdaPqzU0AJMQCZX/lib/python3.11/site-packages/jupyter_core/utils/__init__.py", line 165, in wrapped
    return loop.run_until_complete(inner)
           ^^^^^^^^^^^^^^^^^^^^^^^^^^^^^^
  File "/home/mmd/.local/share/uv/python/cpython-3.11.13-linux-x86_64-gnu/lib/python3.11/asyncio/base_events.py", line 654, in run_until_complete
    return future.result()
           ^^^^^^^^^^^^^^^
  File "/home/mmd/.cache/uv/archive-v0/4_jxthQdaPqzU0AJMQCZX/lib/python3.11/site-packages/nbclient/client.py", line 1005, in async_execute_cell
    exec_reply = await self.task_poll_for_reply
                 ^^^^^^^^^^^^^^^^^^^^^^^^^^^^^^
  File "/home/mmd/.cache/uv/archive-v0/4_jxthQdaPqzU0AJMQCZX/lib/python3.11/site-packages/nbclient/client.py", line 806, in _async_poll_for_reply
    error_on_timeout_execute_reply = await self._async_handle_timeout(timeout, cell)
                                     ^^^^^^^^^^^^^^^^^^^^^^^^^^^^^^^^^^^^^^^^^^^^^^^
  File "/home/mmd/.cache/uv/archive-v0/4_jxthQdaPqzU0AJMQCZX/lib/python3.11/site-packages/nbclient/client.py", line 856, in _async_handle_timeout
    raise CellTimeoutError.error_from_timeout_and_cell(
nbclient.exceptions.CellTimeoutError: A cell timed out while it was being executed, after 900 seconds.
The message was: Cell execution timed out.
Here is a preview of the cell contents:
-------------------
['print("Training U-Net (with skip connections) on real polyp data...")', 'unet = MiniUNet(use_skip=True)', 'dices_unet = train_segmentation(unet, seg_X_train, seg_y_train, seg_X_val, seg_y_val, epochs=50)', '', 'print("Training baseline (no skip connections)...")']
...
['fig.suptitle("U-Net vs. No-Skip on Real Polyp Segmentation (Kvasir-SEG)",', '             fontsize=13, fontweight="bold", y=1.02)', 'plt.savefig("figures/fig3_unet_comparison.png", dpi=150, bbox_inches="tight")', 'plt.show()', 'print(f"Final Dice - U-Net: {dices_unet[-1]:.3f} (best: {max(dices_unet):.3f}), No-skip: {dices_noskip[-1]:.3f} (best: {max(dices_noskip):.3f})")']
-------------------

